<?xml version="1.0" encoding="UTF-8"?>
<!-- Generated by org.testng.reporters.JUnitReportReporter -->
<testsuite hostname="DESKTOP-6NLN9VT" failures="0" tests="18" name="com.bridgelabz.qa.api.Rest_API_Automation_Testing_Tests" time="18.680" errors="0" timestamp="2023-01-05T11:54:29 IST" skipped="0">
  <testcase classname="com.bridgelabz.qa.api.Rest_API_Automation_Testing_Tests" name="get_Current_User_Profile" time="3.820"/>
  <system-out/>
  <testcase classname="com.bridgelabz.qa.api.Rest_API_Automation_Testing_Tests" name="get_Users_Profile" time="0.998"/>
  <system-out/>
  <testcase classname="com.bridgelabz.qa.api.Rest_API_Automation_Testing_Tests" name="search_For_Items" time="1.081"/>
  <system-out/>
  <testcase classname="com.bridgelabz.qa.api.Rest_API_Automation_Testing_Tests" name="create_Playlist" time="0.499"/>
  <system-out/>
  <testcase classname="com.bridgelabz.qa.api.Rest_API_Automation_Testing_Tests" name="add_Items_To_Playlist" time="0.361"/>
  <system-out/>
  <testcase classname="com.bridgelabz.qa.api.Rest_API_Automation_Testing_Tests" name="get_Current_Users_Playlists" time="0.399"/>
  <system-out/>
  <testcase classname="com.bridgelabz.qa.api.Rest_API_Automation_Testing_Tests" name="get_Playlist_Items" time="1.329"/>
  <system-out/>
  <testcase classname="com.bridgelabz.qa.api.Rest_API_Automation_Testing_Tests" name="get_Playlist" time="0.689"/>
  <system-out/>
  <testcase classname="com.bridgelabz.qa.api.Rest_API_Automation_Testing_Tests" name="get_Users_Playlist" time="0.462"/>
  <system-out/>
  <testcase classname="com.bridgelabz.qa.api.Rest_API_Automation_Testing_Tests" name="get_Playlist_Cover_Image" time="0.363"/>
  <system-out/>
  <testcase classname="com.bridgelabz.qa.api.Rest_API_Automation_Testing_Tests" name="change_Playlist_Details" time="0.433"/>
  <system-out/>
  <testcase classname="com.bridgelabz.qa.api.Rest_API_Automation_Testing_Tests" name="update_Playlist_Items" time="0.442"/>
  <system-out/>
  <testcase classname="com.bridgelabz.qa.api.Rest_API_Automation_Testing_Tests" name="remove_Playlist_Items" time="0.407"/>
  <system-out/>
  <testcase classname="com.bridgelabz.qa.api.Rest_API_Automation_Testing_Tests" name="get_Track" time="1.029"/>
  <system-out/>
  <testcase classname="com.bridgelabz.qa.api.Rest_API_Automation_Testing_Tests" name="get_Several_Track" time="0.863"/>
  <system-out/>
  <testcase classname="com.bridgelabz.qa.api.Rest_API_Automation_Testing_Tests" name="get_Tracks_Audio_Feature" time="0.351"/>
  <system-out/>
  <testcase classname="com.bridgelabz.qa.api.Rest_API_Automation_Testing_Tests" name="get_Several_Tracks_Audio_Feature" time="0.607"/>
  <system-out/>
  <testcase classname="com.bridgelabz.qa.api.Rest_API_Automation_Testing_Tests" name="get_Tracks_Audio_Analiysis" time="4.547"/>
  <system-out/>
</testsuite> <!-- com.bridgelabz.qa.api.Rest_API_Automation_Testing_Tests -->
