<?xml version="1.0" encoding="UTF-8"?>
<!-- Generated by org.testng.reporters.JUnitReportReporter -->
<testsuite hostname="DESKTOP-6NLN9VT" failures="0" tests="14" name="com.bridgelabz.qa.api.Json_Server_API_Automation_Test" time="2.995" errors="0" timestamp="2023-01-05T12:25:08 IST" skipped="0">
  <testcase classname="com.bridgelabz.qa.api.Json_Server_API_Automation_Test" name="get_Command" time="0.042"/>
  <system-out/>
  <testcase classname="com.bridgelabz.qa.api.Json_Server_API_Automation_Test" name="get_Profile" time="0.041"/>
  <system-out/>
  <testcase classname="com.bridgelabz.qa.api.Json_Server_API_Automation_Test" name="create_Command" time="0.082"/>
  <system-out/>
  <testcase classname="com.bridgelabz.qa.api.Json_Server_API_Automation_Test" name="delete_Post" time="0.044"/>
  <system-out/>
  <testcase classname="com.bridgelabz.qa.api.Json_Server_API_Automation_Test" name="update_Command" time="0.029"/>
  <system-out/>
  <testcase classname="com.bridgelabz.qa.api.Json_Server_API_Automation_Test" name="get_Post" time="0.047"/>
  <system-out/>
  <testcase classname="com.bridgelabz.qa.api.Json_Server_API_Automation_Test" name="create_Post" time="0.050"/>
  <system-out/>
  <testcase classname="com.bridgelabz.qa.api.Json_Server_API_Automation_Test" name="get_Spicific_Post" time="0.046"/>
  <system-out/>
  <testcase classname="com.bridgelabz.qa.api.Json_Server_API_Automation_Test" name="update_Commands" time="0.046"/>
  <system-out/>
  <testcase classname="com.bridgelabz.qa.api.Json_Server_API_Automation_Test" name="Update_Post" time="2.365"/>
  <system-out/>
  <testcase classname="com.bridgelabz.qa.api.Json_Server_API_Automation_Test" name="fecth_The_All_Command_In_One_Post" time="0.073"/>
  <system-out/>
  <testcase classname="com.bridgelabz.qa.api.Json_Server_API_Automation_Test" name="get_Spicific_Command" time="0.045"/>
  <system-out/>
  <testcase classname="com.bridgelabz.qa.api.Json_Server_API_Automation_Test" name="delete_Command" time="0.057"/>
  <system-out/>
  <testcase classname="com.bridgelabz.qa.api.Json_Server_API_Automation_Test" name="update_Posts" time="0.028"/>
  <system-out/>
</testsuite> <!-- com.bridgelabz.qa.api.Json_Server_API_Automation_Test -->
